============================= test session starts ==============================
platform darwin -- Python 3.12.3, pytest-8.2.1, pluggy-1.5.0
cachedir: .pytest_cache
rootdir: /Users/dev/projects/my-app
configfile: pyproject.toml
plugins: anyio-4.4.0, cov-5.0.0, asyncio-0.23.7, mock-3.14.0, hypothesis-6.103.1
collected 47 items

tests/test_auth.py ............                                         [ 25%]
tests/test_db.py .........F..                                           [ 51%]
tests/test_handlers.py ..........                                       [ 72%]
tests/test_models.py .........                                          [ 91%]
tests/test_utils.py ....                                                [100%]

=================================== FAILURES ===================================
________________________ test_user_update_concurrent ___________________________

    def test_user_update_concurrent():
        """Two concurrent updates should not interleave; last write wins."""
        u = create_user(name="alice")
        with ThreadPoolExecutor(max_workers=2) as exe:
            f1 = exe.submit(update_user, u.id, name="bob")
            f2 = exe.submit(update_user, u.id, name="carol")
            f1.result()
            f2.result()
        updated = fetch_user(u.id)
>       assert updated.name in {"bob", "carol"}
E       AssertionError: assert 'alice' in {'bob', 'carol'}
E        +  where 'alice' = User(id=42, name='alice').name

tests/test_db.py:118: AssertionError
=========================== short test summary info ============================
FAILED tests/test_db.py::test_user_update_concurrent - AssertionError: assert 'alice' in {'bob', 'carol'}
==================== 1 failed, 46 passed in 2.34s ==============================
